  Scene.cpp
  S_MoveEntities.cpp
C:\Users\Frost\source\repos\Ascendants\Core\Source\Core\Game\System\S_MoveEntities.cpp(21,92): warning C4244: 'argument': conversion from 'double' to 'float', possible loss of data
  C:\Users\Frost\source\repos\Ascendants\Core\Source\Core\Game\System\S_MoveEntities.cpp(21,92):
  the template instantiation context (the oldest one first) is
  	C:\Users\Frost\source\repos\Ascendants\Core\Source\Core\Game\System\S_MoveEntities.cpp(17,7):
  	see reference to function template instantiation 'void entt::basic_group<entt::owned_t<entt::basic_sigh_mixin<entt::basic_storage<Type,Entity,Allocator,void>,entt::basic_registry<Entity,std::allocator<Entity>>>>,entt::get_t<entt::basic_sigh_mixin<entt::basic_storage<StatsComponent,Entity,std::allocator<StatsComponent>,void>,entt::basic_registry<Entity,std::allocator<Entity>>>>,entt::exclude_t<>>::each<S_MoveEntities::Update::<lambda_1>>(Func) const' being compiled
          with
          [
              Type=TransformComponent,
              Entity=entt::entity,
              Allocator=std::allocator<TransformComponent>,
              Func=S_MoveEntities::Update::<lambda_1>
          ]
  		C:\Users\Frost\source\repos\Ascendants\Core\Source\Core\Game\System\S_MoveEntities.cpp(17,12):
  		see the first reference to 'entt::basic_group<entt::owned_t<entt::basic_sigh_mixin<entt::basic_storage<Type,Entity,Allocator,void>,entt::basic_registry<Entity,std::allocator<Entity>>>>,entt::get_t<entt::basic_sigh_mixin<entt::basic_storage<StatsComponent,Entity,std::allocator<StatsComponent>,void>,entt::basic_registry<Entity,std::allocator<Entity>>>>,entt::exclude_t<>>::each' in 'S_MoveEntities::Update'
          with
          [
              Type=TransformComponent,
              Entity=entt::entity,
              Allocator=std::allocator<TransformComponent>
          ]
  	C:\Users\Frost\source\repos\Ascendants\3rdParty\entt\entt.hpp(19033,26):
  	see reference to variable template 'const bool is_applicable_v<`S_MoveEntities::Update'::`2'::<lambda_1>,std::tuple<enum entt::entity,TransformComponent &,StatsComponent &> >' being compiled
  	C:\Users\Frost\source\repos\Ascendants\3rdParty\entt\entt.hpp(1029,1):
  	see reference to class template instantiation 'entt::is_applicable<Func,std::tuple<entt::entity,TransformComponent &,StatsComponent &>>' being compiled
          with
          [
              Func=S_MoveEntities::Update::<lambda_1>
          ]
  	C:\Users\Frost\source\repos\Ascendants\3rdParty\entt\entt.hpp(1012,50):
  	see reference to class template instantiation 'std::is_invocable<Func,entt::entity,TransformComponent &,StatsComponent &>' being compiled
          with
          [
              Func=S_MoveEntities::Update::<lambda_1>
          ]
  	C:\Program Files\Microsoft Visual Studio\2022\Community\VC\Tools\MSVC\14.38.33130\include\type_traits(1845,38):
  	see reference to alias template instantiation 'std::_Decltype_invoke_nonzero<_Callable,entt::entity,TransformComponent&,StatsComponent&>' being compiled
          with
          [
              _Callable=S_MoveEntities::Update::<lambda_1>
          ]
  	C:\Program Files\Microsoft Visual Studio\2022\Community\VC\Tools\MSVC\14.38.33130\include\type_traits(1637,1):
  	see reference to function template instantiation 'auto S_MoveEntities::Update::<lambda_1>::operator ()<entt::entity,TransformComponent,StatsComponent>(_T1,_T2 &,_T3 &) const' being compiled
          with
          [
              _T1=entt::entity,
              _T2=TransformComponent,
              _T3=StatsComponent
          ]
  
C:\Users\Frost\source\repos\Ascendants\Core\Source\Core\Game\System\S_MoveEntities.cpp(26,91): warning C4244: 'argument': conversion from 'float' to 'int', possible loss of data
C:\Users\Frost\source\repos\Ascendants\Core\Source\Core\Game\System\S_MoveEntities.cpp(26,52): warning C4244: 'argument': conversion from 'float' to 'int', possible loss of data
C:\Users\Frost\source\repos\Ascendants\Core\Source\Core\Game\System\S_MoveEntities.cpp(28,91): warning C4244: 'argument': conversion from 'float' to 'int', possible loss of data
C:\Users\Frost\source\repos\Ascendants\Core\Source\Core\Game\System\S_MoveEntities.cpp(28,53): warning C4244: 'argument': conversion from 'float' to 'int', possible loss of data
C:\Users\Frost\source\repos\Ascendants\Core\Source\Core\Game\System\S_MoveEntities.cpp(36,97): warning C4244: 'argument': conversion from 'double' to 'float', possible loss of data
Scene.obj : warning LNK4006: "struct Core::Entity __cdecl Core::CreateProjectile(struct Core::BaseScene *,float,float,float,float,unsigned __int64,int,float)" (?CreateProjectile@Core@@YA?AUEntity@1@PAUBaseScene@1@MMMM_KHM@Z) already defined in S_CastAbility.obj; second definition ignored
Scene.obj : warning LNK4006: "struct Core::Entity __cdecl Core::CreatePortal(struct Core::BaseScene *,float,float,unsigned int,unsigned int,class std::basic_string<char,struct std::char_traits<char>,class std::allocator<char> > const &)" (?CreatePortal@Core@@YA?AUEntity@1@PAUBaseScene@1@MMIIABV?$basic_string@DU?$char_traits@D@std@@V?$allocator@D@2@@std@@@Z) already defined in S_CastAbility.obj; second definition ignored
Scene.obj : warning LNK4006: "struct Core::Entity __cdecl Core::CreatePlayer(struct Core::BaseScene *,float,float)" (?CreatePlayer@Core@@YA?AUEntity@1@PAUBaseScene@1@MM@Z) already defined in S_CastAbility.obj; second definition ignored
Scene.obj : warning LNK4006: "struct Core::Entity __cdecl Core::CreateBasePlayer(struct Core::BaseScene *,float,float)" (?CreateBasePlayer@Core@@YA?AUEntity@1@PAUBaseScene@1@MM@Z) already defined in S_CastAbility.obj; second definition ignored
  Core.vcxproj -> C:\Users\Frost\source\repos\Ascendants\Core\Build\Win32\Release\Core.lib
