c:\users\frost\source\repos\ascendants\core\build\x64\debug\core.pdb
c:\users\frost\source\repos\ascendants\core\build\x64\debug\core.idb
c:\users\frost\source\repos\ascendants\core\build\x64\debug\spawnmanager.obj
c:\users\frost\source\repos\ascendants\core\build\x64\debug\vector.obj
c:\users\frost\source\repos\ascendants\core\build\x64\debug\zone.obj
c:\users\frost\source\repos\ascendants\core\build\x64\debug\scene.obj
c:\users\frost\source\repos\ascendants\core\build\x64\debug\core.obj
c:\users\frost\source\repos\ascendants\core\build\x64\debug\entity.obj
c:\users\frost\source\repos\ascendants\core\build\x64\debug\point.obj
c:\users\frost\source\repos\ascendants\core\build\x64\debug\rect.obj
c:\users\frost\source\repos\ascendants\core\build\x64\debug\collisionmanager.obj
c:\users\frost\source\repos\ascendants\core\build\x64\debug\scenemanager.obj
c:\users\frost\source\repos\ascendants\core\build\x64\debug\core.lib
c:\users\frost\source\repos\ascendants\core\/build/x64/debug/core.pdb
c:\users\frost\source\repos\ascendants\core\/build/x64/debug/core.vcxproj.filelistabsolute.txt
c:\users\frost\source\repos\ascendants\core\build\x64\debug\core.tlog\cl.command.1.tlog
c:\users\frost\source\repos\ascendants\core\build\x64\debug\core.tlog\cl.items.tlog
c:\users\frost\source\repos\ascendants\core\build\x64\debug\core.tlog\cl.read.1.tlog
c:\users\frost\source\repos\ascendants\core\build\x64\debug\core.tlog\cl.write.1.tlog
c:\users\frost\source\repos\ascendants\core\build\x64\debug\core.tlog\lib-link.read.1.tlog
c:\users\frost\source\repos\ascendants\core\build\x64\debug\core.tlog\lib-link.write.1.tlog
c:\users\frost\source\repos\ascendants\core\build\x64\debug\core.tlog\lib.command.1.tlog
